<?xml version="1.0" encoding="UTF-8"?>
<testng-results ignored="0" total="1" passed="1" failed="0" skipped="0">
  <reporter-output>
  </reporter-output>
  <suite started-at="2022-05-06T10:59:32 IST" name="Default suite" finished-at="2022-05-06T10:59:33 IST" duration-ms="111">
    <groups>
    </groups>
    <test started-at="2022-05-06T10:59:32 IST" name="Default test" finished-at="2022-05-06T10:59:33 IST" duration-ms="111">
      <class name="Programs.unique">
        <test-method signature="method()[pri:0, instance:Programs.unique@51e5fc98]" started-at="2022-05-06T10:59:33 IST" name="method" finished-at="2022-05-06T10:59:33 IST" duration-ms="17" status="PASS">
          <reporter-output>
          </reporter-output>
        </test-method> <!-- method -->
      </class> <!-- Programs.unique -->
    </test> <!-- Default test -->
  </suite> <!-- Default suite -->
</testng-results>
